[INFO] Scanning for projects...
[INFO] 
[INFO] -----------< org.solace.scholar_ai:ongoing_research_service >-----------
[INFO] Building ongoing_research_service 0.0.1-SNAPSHOT
[INFO]   from pom.xml
[INFO] --------------------------------[ jar ]---------------------------------
[INFO] 
[INFO] --- clean:3.4.1:clean (default-clean) @ ongoing_research_service ---
[INFO] Deleting C:\Code\JavaFest2025\ongoing_research_service\target
[INFO] 
[INFO] >>> spring-boot:3.5.0:run (default-cli) > test-compile @ ongoing_research_service >>>
[INFO] 
[INFO] --- git-commit-id:9.0.1:revision (default) @ ongoing_research_service ---
[INFO] dotGitDirectory is null, aborting execution!
[INFO] Writing properties file [C:\Code\JavaFest2025\ongoing_research_service\target\classes\git.properties] (for project ongoing_research_service)...
[INFO] 
[INFO] --- resources:3.3.1:resources (default-resources) @ ongoing_research_service ---
[INFO] Copying 2 resources from src\main\resources to target\classes
[INFO] Copying 0 resource from src\main\resources to target\classes
[INFO] 
[INFO] --- compiler:3.8.1:compile (default-compile) @ ongoing_research_service ---
[INFO] Changes detected - recompiling the module!
[INFO] Compiling 24 source files to C:\Code\JavaFest2025\ongoing_research_service\target\classes
[INFO] ------------------------------------------------------------------------
[INFO] BUILD FAILURE
[INFO] ------------------------------------------------------------------------
[INFO] Total time:  2.972 s
[INFO] Finished at: 2025-08-04T15:11:06+06:00
[INFO] ------------------------------------------------------------------------
[ERROR] Failed to execute goal org.apache.maven.plugins:maven-compiler-plugin:3.8.1:compile (default-compile) on project ongoing_research_service: Fatal error compiling: error: release version 21 not supported -> [Help 1]
[ERROR] 
[ERROR] To see the full stack trace of the errors, re-run Maven with the -e switch.
[ERROR] Re-run Maven using the -X switch to enable full debug logging.
[ERROR] 
[ERROR] For more information about the errors and possible solutions, please read the following articles:
[ERROR] [Help 1] http://cwiki.apache.org/confluence/display/MAVEN/MojoExecutionException
